# JRE version: OpenJDK Runtime Environment Temurin-21.0.8+9 (21.0.8+9) (build 21.0.8+9-LTS)
# Java VM: OpenJDK 64-Bit Server VM Temurin-21.0.8+9 (21.0.8+9-LTS, mixed mode, sharing, tiered, compressed oops, compressed class ptrs, parallel gc, windows-amd64)
GC Precious Log:
 CardTable entry size: 512
 CPUs: 12 total, 12 available
 Memory: 16108M
 Large Page Support: Disabled
 NUMA Support: Disabled
 Compressed Oops: Enabled (32-bit)
 Alignments: Space 512K, Generation 512K, Heap 2M
 Heap Min Capacity: 100M
 Heap Initial Capacity: 100M
 Heap Max Capacity: 2G
 Pre-touch: Disabled
 Parallel Workers: 10
Heap:
 PSYoungGen      total 10752K, used 2996K [0x00000000d5580000, 0x00000000d6180000, 0x0000000100000000)
  eden space 7680K, 31% used [0x00000000d5580000,0x00000000d57dd280,0x00000000d5d00000)
  from space 3072K, 18% used [0x00000000d5d00000,0x00000000d5d90000,0x00000000d6000000)
  to   space 1536K, 0% used [0x00000000d6000000,0x00000000d6000000,0x00000000d6180000)
 ParOldGen       total 324608K, used 324422K [0x0000000080000000, 0x0000000093d00000, 0x00000000d5580000)
  object space 324608K, 99% used [0x0000000080000000,0x0000000093cd1be8,0x0000000093d00000)
 Metaspace       used 52213K, committed 53376K, reserved 1114112K
  class space    used 5753K, committed 6272K, reserved 1048576K
GC Heap History (20 events):
Event: 23.902 GC heap before
{Heap before GC invocations=365 (full 2):
 PSYoungGen      total 6144K, used 5709K [0x00000000d5580000, 0x00000000d5e80000, 0x0000000100000000)
  eden space 4096K, 98% used [0x00000000d5580000,0x00000000d5971518,0x00000000d5980000)
  from space 2048K, 81% used [0x00000000d5b80000,0x00000000d5d221e0,0x00000000d5d80000)
  to   space 2048K, 0% used [0x00000000d5980000,0x00000000d5980000,0x00000000d5b80000)
 ParOldGen       total 303616K, used 303245K [0x0000000080000000, 0x0000000092880000, 0x00000000d5580000)
  object space 303616K, 99% used [0x0000000080000000,0x0000000092823748,0x0000000092880000)
 Metaspace       used 50756K, committed 51968K, reserved 1114112K
  class space    used 5600K, committed 6144K, reserved 1048576K
}
Event: 23.903 GC heap after
{Heap after GC invocations=365 (full 2):
 PSYoungGen      total 6144K, used 1744K [0x00000000d5580000, 0x00000000d5e80000, 0x0000000100000000)
  eden space 4096K, 0% used [0x00000000d5580000,0x00000000d5580000,0x00000000d5980000)
  from space 2048K, 85% used [0x00000000d5980000,0x00000000d5b34000,0x00000000d5b80000)
  to   space 2048K, 0% used [0x00000000d5c80000,0x00000000d5c80000,0x00000000d5e80000)
 ParOldGen       total 305152K, used 304740K [0x0000000080000000, 0x0000000092a00000, 0x00000000d5580000)
  object space 305152K, 99% used [0x0000000080000000,0x0000000092999380,0x0000000092a00000)
 Metaspace       used 50756K, committed 51968K, reserved 1114112K
  class space    used 5600K, committed 6144K, reserved 1048576K
}
Event: 23.906 GC heap before
{Heap before GC invocations=366 (full 2):
 PSYoungGen      total 6144K, used 5837K [0x00000000d5580000, 0x00000000d5e80000, 0x0000000100000000)
  eden space 4096K, 99% used [0x00000000d5580000,0x00000000d597f418,0x00000000d5980000)
  from space 2048K, 85% used [0x00000000d5980000,0x00000000d5b34000,0x00000000d5b80000)
  to   space 2048K, 0% used [0x00000000d5c80000,0x00000000d5c80000,0x00000000d5e80000)
 ParOldGen       total 305152K, used 304740K [0x0000000080000000, 0x0000000092a00000, 0x00000000d5580000)
  object space 305152K, 99% used [0x0000000080000000,0x0000000092999380,0x0000000092a00000)
 Metaspace       used 50756K, committed 51968K, reserved 1114112K
  class space    used 5600K, committed 6144K, reserved 1048576K
}
Event: 23.907 GC heap after
{Heap after GC invocations=366 (full 2):
 PSYoungGen      total 7168K, used 1728K [0x00000000d5580000, 0x00000000d5e80000, 0x0000000100000000)
  eden space 5120K, 0% used [0x00000000d5580000,0x00000000d5580000,0x00000000d5a80000)
  from space 2048K, 84% used [0x00000000d5c80000,0x00000000d5e30358,0x00000000d5e80000)
  to   space 2048K, 0% used [0x00000000d5a80000,0x00000000d5a80000,0x00000000d5c80000)
 ParOldGen       total 306688K, used 306304K [0x0000000080000000, 0x0000000092b80000, 0x00000000d5580000)
  object space 306688K, 99% used [0x0000000080000000,0x0000000092b20388,0x0000000092b80000)
 Metaspace       used 50756K, committed 51968K, reserved 1114112K
  class space    used 5600K, committed 6144K, reserved 1048576K
}
Event: 23.911 GC heap before
{Heap before GC invocations=367 (full 2):
 PSYoungGen      total 7168K, used 6848K [0x00000000d5580000, 0x00000000d5e80000, 0x0000000100000000)
  eden space 5120K, 100% used [0x00000000d5580000,0x00000000d5a80000,0x00000000d5a80000)
  from space 2048K, 84% used [0x00000000d5c80000,0x00000000d5e30358,0x00000000d5e80000)
  to   space 2048K, 0% used [0x00000000d5a80000,0x00000000d5a80000,0x00000000d5c80000)
 ParOldGen       total 306688K, used 306304K [0x0000000080000000, 0x0000000092b80000, 0x00000000d5580000)
  object space 306688K, 99% used [0x0000000080000000,0x0000000092b20388,0x0000000092b80000)
 Metaspace       used 50756K, committed 51968K, reserved 1114112K
  class space    used 5600K, committed 6144K, reserved 1048576K
}
Event: 23.912 GC heap after
{Heap after GC invocations=367 (full 2):
 PSYoungGen      total 7168K, used 2011K [0x00000000d5580000, 0x00000000d6080000, 0x0000000100000000)
  eden space 5120K, 0% used [0x00000000d5580000,0x00000000d5580000,0x00000000d5a80000)
  from space 2048K, 98% used [0x00000000d5a80000,0x00000000d5c76e58,0x00000000d5c80000)
  to   space 2560K, 0% used [0x00000000d5e00000,0x00000000d5e00000,0x00000000d6080000)
 ParOldGen       total 308224K, used 307926K [0x0000000080000000, 0x0000000092d00000, 0x00000000d5580000)
  object space 308224K, 99% used [0x0000000080000000,0x0000000092cb5b68,0x0000000092d00000)
 Metaspace       used 50756K, committed 51968K, reserved 1114112K
  class space    used 5600K, committed 6144K, reserved 1048576K
}
Event: 23.916 GC heap before
{Heap before GC invocations=368 (full 2):
 PSYoungGen      total 7168K, used 7094K [0x00000000d5580000, 0x00000000d6080000, 0x0000000100000000)
  eden space 5120K, 99% used [0x00000000d5580000,0x00000000d5a76c00,0x00000000d5a80000)
  from space 2048K, 98% used [0x00000000d5a80000,0x00000000d5c76e58,0x00000000d5c80000)
  to   space 2560K, 0% used [0x00000000d5e00000,0x00000000d5e00000,0x00000000d6080000)
 ParOldGen       total 308224K, used 307926K [0x0000000080000000, 0x0000000092d00000, 0x00000000d5580000)
  object space 308224K, 99% used [0x0000000080000000,0x0000000092cb5b68,0x0000000092d00000)
 Metaspace       used 50756K, committed 51968K, reserved 1114112K
  class space    used 5600K, committed 6144K, reserved 1048576K
}
Event: 23.917 GC heap after
{Heap after GC invocations=368 (full 2):
 PSYoungGen      total 8704K, used 2162K [0x00000000d5580000, 0x00000000d6080000, 0x0000000100000000)
  eden space 6144K, 0% used [0x00000000d5580000,0x00000000d5580000,0x00000000d5b80000)
  from space 2560K, 84% used [0x00000000d5e00000,0x00000000d601c870,0x00000000d6080000)
  to   space 2560K, 0% used [0x00000000d5b80000,0x00000000d5b80000,0x00000000d5e00000)
 ParOldGen       total 309760K, used 309743K [0x0000000080000000, 0x0000000092e80000, 0x00000000d5580000)
  object space 309760K, 99% used [0x0000000080000000,0x0000000092e7bfa0,0x0000000092e80000)
 Metaspace       used 50756K, committed 51968K, reserved 1114112K
  class space    used 5600K, committed 6144K, reserved 1048576K
}
Event: 23.922 GC heap before
{Heap before GC invocations=369 (full 2):
 PSYoungGen      total 8704K, used 8306K [0x00000000d5580000, 0x00000000d6080000, 0x0000000100000000)
  eden space 6144K, 100% used [0x00000000d5580000,0x00000000d5b80000,0x00000000d5b80000)
  from space 2560K, 84% used [0x00000000d5e00000,0x00000000d601c870,0x00000000d6080000)
  to   space 2560K, 0% used [0x00000000d5b80000,0x00000000d5b80000,0x00000000d5e00000)
 ParOldGen       total 309760K, used 309743K [0x0000000080000000, 0x0000000092e80000, 0x00000000d5580000)
  object space 309760K, 99% used [0x0000000080000000,0x0000000092e7bfa0,0x0000000092e80000)
 Metaspace       used 50757K, committed 51968K, reserved 1114112K
  class space    used 5600K, committed 6144K, reserved 1048576K
}
Event: 23.924 GC heap after
{Heap after GC invocations=369 (full 2):
 PSYoungGen      total 8704K, used 2547K [0x00000000d5580000, 0x00000000d6300000, 0x0000000100000000)
  eden space 6144K, 0% used [0x00000000d5580000,0x00000000d5580000,0x00000000d5b80000)
  from space 2560K, 99% used [0x00000000d5b80000,0x00000000d5dfccb8,0x00000000d5e00000)
  to   space 3072K, 0% used [0x00000000d6000000,0x00000000d6000000,0x00000000d6300000)
 ParOldGen       total 312320K, used 311838K [0x0000000080000000, 0x0000000093100000, 0x00000000d5580000)
  object space 312320K, 99% used [0x0000000080000000,0x0000000093087998,0x0000000093100000)
 Metaspace       used 50757K, committed 51968K, reserved 1114112K
  class space    used 5600K, committed 6144K, reserved 1048576K
}
Event: 23.928 GC heap before
{Heap before GC invocations=370 (full 2):
 PSYoungGen      total 8704K, used 8660K [0x00000000d5580000, 0x00000000d6300000, 0x0000000100000000)
  eden space 6144K, 99% used [0x00000000d5580000,0x00000000d5b78358,0x00000000d5b80000)
  from space 2560K, 99% used [0x00000000d5b80000,0x00000000d5dfccb8,0x00000000d5e00000)
  to   space 3072K, 0% used [0x00000000d6000000,0x00000000d6000000,0x00000000d6300000)
 ParOldGen       total 312320K, used 311838K [0x0000000080000000, 0x0000000093100000, 0x00000000d5580000)
  object space 312320K, 99% used [0x0000000080000000,0x0000000093087998,0x0000000093100000)
 Metaspace       used 50757K, committed 51968K, reserved 1114112K
  class space    used 5600K, committed 6144K, reserved 1048576K
}
Event: 23.929 GC heap after
{Heap after GC invocations=370 (full 2):
 PSYoungGen      total 10752K, used 2731K [0x00000000d5580000, 0x00000000d6300000, 0x0000000100000000)
  eden space 7680K, 0% used [0x00000000d5580000,0x00000000d5580000,0x00000000d5d00000)
  from space 3072K, 88% used [0x00000000d6000000,0x00000000d62aafb8,0x00000000d6300000)
  to   space 3072K, 0% used [0x00000000d5d00000,0x00000000d5d00000,0x00000000d6000000)
 ParOldGen       total 314368K, used 314170K [0x0000000080000000, 0x0000000093300000, 0x00000000d5580000)
  object space 314368K, 99% used [0x0000000080000000,0x00000000932ceba8,0x0000000093300000)
 Metaspace       used 50757K, committed 51968K, reserved 1114112K
  class space    used 5600K, committed 6144K, reserved 1048576K
}
Event: 23.936 GC heap before
{Heap before GC invocations=371 (full 2):
 PSYoungGen      total 10752K, used 10411K [0x00000000d5580000, 0x00000000d6300000, 0x0000000100000000)
  eden space 7680K, 100% used [0x00000000d5580000,0x00000000d5d00000,0x00000000d5d00000)
  from space 3072K, 88% used [0x00000000d6000000,0x00000000d62aafb8,0x00000000d6300000)
  to   space 3072K, 0% used [0x00000000d5d00000,0x00000000d5d00000,0x00000000d6000000)
 ParOldGen       total 314368K, used 314170K [0x0000000080000000, 0x0000000093300000, 0x00000000d5580000)
  object space 314368K, 99% used [0x0000000080000000,0x00000000932ceba8,0x0000000093300000)
 Metaspace       used 50757K, committed 51968K, reserved 1114112K
  class space    used 5600K, committed 6144K, reserved 1048576K
}
Event: 23.937 GC heap after
{Heap after GC invocations=371 (full 2):
 PSYoungGen      total 10752K, used 3021K [0x00000000d5580000, 0x00000000d6580000, 0x0000000100000000)
  eden space 7680K, 0% used [0x00000000d5580000,0x00000000d5580000,0x00000000d5d00000)
  from space 3072K, 98% used [0x00000000d5d00000,0x00000000d5ff3498,0x00000000d6000000)
  to   space 3584K, 0% used [0x00000000d6200000,0x00000000d6200000,0x00000000d6580000)
 ParOldGen       total 316928K, used 316887K [0x0000000080000000, 0x0000000093580000, 0x00000000d5580000)
  object space 316928K, 99% used [0x0000000080000000,0x0000000093575f48,0x0000000093580000)
 Metaspace       used 50757K, committed 51968K, reserved 1114112K
  class space    used 5600K, committed 6144K, reserved 1048576K
}
Event: 23.963 GC heap before
{Heap before GC invocations=372 (full 2):
 PSYoungGen      total 10752K, used 10701K [0x00000000d5580000, 0x00000000d6580000, 0x0000000100000000)
  eden space 7680K, 100% used [0x00000000d5580000,0x00000000d5d00000,0x00000000d5d00000)
  from space 3072K, 98% used [0x00000000d5d00000,0x00000000d5ff3498,0x00000000d6000000)
  to   space 3584K, 0% used [0x00000000d6200000,0x00000000d6200000,0x00000000d6580000)
 ParOldGen       total 316928K, used 316887K [0x0000000080000000, 0x0000000093580000, 0x00000000d5580000)
  object space 316928K, 99% used [0x0000000080000000,0x0000000093575f48,0x0000000093580000)
 Metaspace       used 50762K, committed 51968K, reserved 1114112K
  class space    used 5600K, committed 6144K, reserved 1048576K
}
Event: 23.965 GC heap after
{Heap after GC invocations=372 (full 2):
 PSYoungGen      total 10240K, used 2436K [0x00000000d5580000, 0x00000000d6480000, 0x0000000100000000)
  eden space 7680K, 0% used [0x00000000d5580000,0x00000000d5580000,0x00000000d5d00000)
  from space 2560K, 95% used [0x00000000d6200000,0x00000000d6461218,0x00000000d6480000)
  to   space 3072K, 0% used [0x00000000d5e80000,0x00000000d5e80000,0x00000000d6180000)
 ParOldGen       total 320000K, used 319774K [0x0000000080000000, 0x0000000093880000, 0x00000000d5580000)
  object space 320000K, 99% used [0x0000000080000000,0x0000000093847a88,0x0000000093880000)
 Metaspace       used 50762K, committed 51968K, reserved 1114112K
  class space    used 5600K, committed 6144K, reserved 1048576K
}
Event: 24.060 GC heap before
{Heap before GC invocations=373 (full 2):
 PSYoungGen      total 10240K, used 10116K [0x00000000d5580000, 0x00000000d6480000, 0x0000000100000000)
  eden space 7680K, 100% used [0x00000000d5580000,0x00000000d5d00000,0x00000000d5d00000)
  from space 2560K, 95% used [0x00000000d6200000,0x00000000d6461218,0x00000000d6480000)
  to   space 3072K, 0% used [0x00000000d5e80000,0x00000000d5e80000,0x00000000d6180000)
 ParOldGen       total 320000K, used 319774K [0x0000000080000000, 0x0000000093880000, 0x00000000d5580000)
  object space 320000K, 99% used [0x0000000080000000,0x0000000093847a88,0x0000000093880000)
 Metaspace       used 51656K, committed 52864K, reserved 1114112K
  class space    used 5709K, committed 6272K, reserved 1048576K
}
Event: 24.061 GC heap after
{Heap after GC invocations=373 (full 2):
 PSYoungGen      total 8192K, used 502K [0x00000000d5580000, 0x00000000d6280000, 0x0000000100000000)
  eden space 7680K, 0% used [0x00000000d5580000,0x00000000d5580000,0x00000000d5d00000)
  from space 512K, 98% used [0x00000000d5e80000,0x00000000d5efd958,0x00000000d5f00000)
  to   space 1536K, 0% used [0x00000000d6100000,0x00000000d6100000,0x00000000d6280000)
 ParOldGen       total 322048K, used 322029K [0x0000000080000000, 0x0000000093a80000, 0x00000000d5580000)
  object space 322048K, 99% used [0x0000000080000000,0x0000000093a7b4f0,0x0000000093a80000)
 Metaspace       used 51656K, committed 52864K, reserved 1114112K
  class space    used 5709K, committed 6272K, reserved 1048576K
}
Event: 27.998 GC heap before
{Heap before GC invocations=374 (full 2):
 PSYoungGen      total 8192K, used 8182K [0x00000000d5580000, 0x00000000d6280000, 0x0000000100000000)
  eden space 7680K, 99% used [0x00000000d5580000,0x00000000d5cfffd0,0x00000000d5d00000)
  from space 512K, 98% used [0x00000000d5e80000,0x00000000d5efd958,0x00000000d5f00000)
  to   space 1536K, 0% used [0x00000000d6100000,0x00000000d6100000,0x00000000d6280000)
 ParOldGen       total 322048K, used 322029K [0x0000000080000000, 0x0000000093a80000, 0x00000000d5580000)
  object space 322048K, 99% used [0x0000000080000000,0x0000000093a7b4f0,0x0000000093a80000)
 Metaspace       used 52017K, committed 53184K, reserved 1114112K
  class space    used 5745K, committed 6272K, reserved 1048576K
}
Event: 27.999 GC heap after
{Heap after GC invocations=374 (full 2):
 PSYoungGen      total 9216K, used 1526K [0x00000000d5580000, 0x00000000d6300000, 0x0000000100000000)
  eden space 7680K, 0% used [0x00000000d5580000,0x00000000d5580000,0x00000000d5d00000)
  from space 1536K, 99% used [0x00000000d6100000,0x00000000d627d970,0x00000000d6280000)
  to   space 3072K, 0% used [0x00000000d5d00000,0x00000000d5d00000,0x00000000d6000000)
 ParOldGen       total 323072K, used 322932K [0x0000000080000000, 0x0000000093b80000, 0x00000000d5580000)
  object space 323072K, 99% used [0x0000000080000000,0x0000000093b5d170,0x0000000093b80000)
 Metaspace       used 52017K, committed 53184K, reserved 1114112K
  class space    used 5745K, committed 6272K, reserved 1048576K
}

