# JRE version: OpenJDK Runtime Environment Temurin-21.0.8+9 (21.0.8+9) (build 21.0.8+9-LTS)
# Java VM: OpenJDK 64-Bit Server VM Temurin-21.0.8+9 (21.0.8+9-LTS, mixed mode, sharing, tiered, compressed oops, compressed class ptrs, parallel gc, windows-amd64)
GC Precious Log:
 CardTable entry size: 512
 CPUs: 12 total, 12 available
 Memory: 16108M
 Large Page Support: Disabled
 NUMA Support: Disabled
 Compressed Oops: Enabled (32-bit)
 Alignments: Space 512K, Generation 512K, Heap 2M
 Heap Min Capacity: 100M
 Heap Initial Capacity: 100M
 Heap Max Capacity: 2G
 Pre-touch: Disabled
 Parallel Workers: 10
Heap:
 PSYoungGen      total 2560K, used 1009K [0x00000000d5580000, 0x00000000d5880000, 0x0000000100000000)
  eden space 2048K, 39% used [0x00000000d5580000,0x00000000d564c5f0,0x00000000d5780000)
  from space 512K, 37% used [0x00000000d5800000,0x00000000d5830000,0x00000000d5880000)
  to   space 512K, 0% used [0x00000000d5780000,0x00000000d5780000,0x00000000d5800000)
 ParOldGen       total 564224K, used 214724K [0x0000000080000000, 0x00000000a2700000, 0x00000000d5580000)
  object space 564224K, 38% used [0x0000000080000000,0x000000008d1b11a0,0x00000000a2700000)
 Metaspace       used 69506K, committed 70976K, reserved 1114112K
  class space    used 8630K, committed 9280K, reserved 1048576K
GC Heap History (20 events):
Event: 124.721 GC heap before
{Heap before GC invocations=1530 (full 3):
 PSYoungGen      total 2560K, used 2240K [0x00000000d5580000, 0x00000000d5880000, 0x0000000100000000)
  eden space 2048K, 100% used [0x00000000d5580000,0x00000000d5780000,0x00000000d5780000)
  from space 512K, 37% used [0x00000000d5800000,0x00000000d5830000,0x00000000d5880000)
  to   space 512K, 0% used [0x00000000d5780000,0x00000000d5780000,0x00000000d5800000)
 ParOldGen       total 564224K, used 214468K [0x0000000080000000, 0x00000000a2700000, 0x00000000d5580000)
  object space 564224K, 38% used [0x0000000080000000,0x000000008d1711a0,0x00000000a2700000)
 Metaspace       used 69506K, committed 70976K, reserved 1114112K
  class space    used 8630K, committed 9280K, reserved 1048576K
}
Event: 124.722 GC heap after
{Heap after GC invocations=1530 (full 3):
 PSYoungGen      total 2560K, used 224K [0x00000000d5580000, 0x00000000d5880000, 0x0000000100000000)
  eden space 2048K, 0% used [0x00000000d5580000,0x00000000d5580000,0x00000000d5780000)
  from space 512K, 43% used [0x00000000d5780000,0x00000000d57b8000,0x00000000d5800000)
  to   space 512K, 0% used [0x00000000d5800000,0x00000000d5800000,0x00000000d5880000)
 ParOldGen       total 564224K, used 214492K [0x0000000080000000, 0x00000000a2700000, 0x00000000d5580000)
  object space 564224K, 38% used [0x0000000080000000,0x000000008d1771a0,0x00000000a2700000)
 Metaspace       used 69506K, committed 70976K, reserved 1114112K
  class space    used 8630K, committed 9280K, reserved 1048576K
}
Event: 124.756 GC heap before
{Heap before GC invocations=1531 (full 3):
 PSYoungGen      total 2560K, used 2272K [0x00000000d5580000, 0x00000000d5880000, 0x0000000100000000)
  eden space 2048K, 100% used [0x00000000d5580000,0x00000000d5780000,0x00000000d5780000)
  from space 512K, 43% used [0x00000000d5780000,0x00000000d57b8000,0x00000000d5800000)
  to   space 512K, 0% used [0x00000000d5800000,0x00000000d5800000,0x00000000d5880000)
 ParOldGen       total 564224K, used 214492K [0x0000000080000000, 0x00000000a2700000, 0x00000000d5580000)
  object space 564224K, 38% used [0x0000000080000000,0x000000008d1771a0,0x00000000a2700000)
 Metaspace       used 69506K, committed 70976K, reserved 1114112K
  class space    used 8630K, committed 9280K, reserved 1048576K
}
Event: 124.757 GC heap after
{Heap after GC invocations=1531 (full 3):
 PSYoungGen      total 2560K, used 192K [0x00000000d5580000, 0x00000000d5880000, 0x0000000100000000)
  eden space 2048K, 0% used [0x00000000d5580000,0x00000000d5580000,0x00000000d5780000)
  from space 512K, 37% used [0x00000000d5800000,0x00000000d5830000,0x00000000d5880000)
  to   space 512K, 0% used [0x00000000d5780000,0x00000000d5780000,0x00000000d5800000)
 ParOldGen       total 564224K, used 214516K [0x0000000080000000, 0x00000000a2700000, 0x00000000d5580000)
  object space 564224K, 38% used [0x0000000080000000,0x000000008d17d1a0,0x00000000a2700000)
 Metaspace       used 69506K, committed 70976K, reserved 1114112K
  class space    used 8630K, committed 9280K, reserved 1048576K
}
Event: 124.763 GC heap before
{Heap before GC invocations=1532 (full 3):
 PSYoungGen      total 2560K, used 2240K [0x00000000d5580000, 0x00000000d5880000, 0x0000000100000000)
  eden space 2048K, 100% used [0x00000000d5580000,0x00000000d5780000,0x00000000d5780000)
  from space 512K, 37% used [0x00000000d5800000,0x00000000d5830000,0x00000000d5880000)
  to   space 512K, 0% used [0x00000000d5780000,0x00000000d5780000,0x00000000d5800000)
 ParOldGen       total 564224K, used 214516K [0x0000000080000000, 0x00000000a2700000, 0x00000000d5580000)
  object space 564224K, 38% used [0x0000000080000000,0x000000008d17d1a0,0x00000000a2700000)
 Metaspace       used 69506K, committed 70976K, reserved 1114112K
  class space    used 8630K, committed 9280K, reserved 1048576K
}
Event: 124.763 GC heap after
{Heap after GC invocations=1532 (full 3):
 PSYoungGen      total 2560K, used 192K [0x00000000d5580000, 0x00000000d5880000, 0x0000000100000000)
  eden space 2048K, 0% used [0x00000000d5580000,0x00000000d5580000,0x00000000d5780000)
  from space 512K, 37% used [0x00000000d5780000,0x00000000d57b0000,0x00000000d5800000)
  to   space 512K, 0% used [0x00000000d5800000,0x00000000d5800000,0x00000000d5880000)
 ParOldGen       total 564224K, used 214548K [0x0000000080000000, 0x00000000a2700000, 0x00000000d5580000)
  object space 564224K, 38% used [0x0000000080000000,0x000000008d1851a0,0x00000000a2700000)
 Metaspace       used 69506K, committed 70976K, reserved 1114112K
  class space    used 8630K, committed 9280K, reserved 1048576K
}
Event: 124.771 GC heap before
{Heap before GC invocations=1533 (full 3):
 PSYoungGen      total 2560K, used 2240K [0x00000000d5580000, 0x00000000d5880000, 0x0000000100000000)
  eden space 2048K, 100% used [0x00000000d5580000,0x00000000d5780000,0x00000000d5780000)
  from space 512K, 37% used [0x00000000d5780000,0x00000000d57b0000,0x00000000d5800000)
  to   space 512K, 0% used [0x00000000d5800000,0x00000000d5800000,0x00000000d5880000)
 ParOldGen       total 564224K, used 214548K [0x0000000080000000, 0x00000000a2700000, 0x00000000d5580000)
  object space 564224K, 38% used [0x0000000080000000,0x000000008d1851a0,0x00000000a2700000)
 Metaspace       used 69506K, committed 70976K, reserved 1114112K
  class space    used 8630K, committed 9280K, reserved 1048576K
}
Event: 124.771 GC heap after
{Heap after GC invocations=1533 (full 3):
 PSYoungGen      total 2560K, used 192K [0x00000000d5580000, 0x00000000d5880000, 0x0000000100000000)
  eden space 2048K, 0% used [0x00000000d5580000,0x00000000d5580000,0x00000000d5780000)
  from space 512K, 37% used [0x00000000d5800000,0x00000000d5830000,0x00000000d5880000)
  to   space 512K, 0% used [0x00000000d5780000,0x00000000d5780000,0x00000000d5800000)
 ParOldGen       total 564224K, used 214572K [0x0000000080000000, 0x00000000a2700000, 0x00000000d5580000)
  object space 564224K, 38% used [0x0000000080000000,0x000000008d18b1a0,0x00000000a2700000)
 Metaspace       used 69506K, committed 70976K, reserved 1114112K
  class space    used 8630K, committed 9280K, reserved 1048576K
}
Event: 124.775 GC heap before
{Heap before GC invocations=1534 (full 3):
 PSYoungGen      total 2560K, used 2240K [0x00000000d5580000, 0x00000000d5880000, 0x0000000100000000)
  eden space 2048K, 100% used [0x00000000d5580000,0x00000000d5780000,0x00000000d5780000)
  from space 512K, 37% used [0x00000000d5800000,0x00000000d5830000,0x00000000d5880000)
  to   space 512K, 0% used [0x00000000d5780000,0x00000000d5780000,0x00000000d5800000)
 ParOldGen       total 564224K, used 214572K [0x0000000080000000, 0x00000000a2700000, 0x00000000d5580000)
  object space 564224K, 38% used [0x0000000080000000,0x000000008d18b1a0,0x00000000a2700000)
 Metaspace       used 69506K, committed 70976K, reserved 1114112K
  class space    used 8630K, committed 9280K, reserved 1048576K
}
Event: 124.775 GC heap after
{Heap after GC invocations=1534 (full 3):
 PSYoungGen      total 2560K, used 224K [0x00000000d5580000, 0x00000000d5880000, 0x0000000100000000)
  eden space 2048K, 0% used [0x00000000d5580000,0x00000000d5580000,0x00000000d5780000)
  from space 512K, 43% used [0x00000000d5780000,0x00000000d57b8000,0x00000000d5800000)
  to   space 512K, 0% used [0x00000000d5800000,0x00000000d5800000,0x00000000d5880000)
 ParOldGen       total 564224K, used 214628K [0x0000000080000000, 0x00000000a2700000, 0x00000000d5580000)
  object space 564224K, 38% used [0x0000000080000000,0x000000008d1991a0,0x00000000a2700000)
 Metaspace       used 69506K, committed 70976K, reserved 1114112K
  class space    used 8630K, committed 9280K, reserved 1048576K
}
Event: 124.778 GC heap before
{Heap before GC invocations=1535 (full 3):
 PSYoungGen      total 2560K, used 2272K [0x00000000d5580000, 0x00000000d5880000, 0x0000000100000000)
  eden space 2048K, 100% used [0x00000000d5580000,0x00000000d5780000,0x00000000d5780000)
  from space 512K, 43% used [0x00000000d5780000,0x00000000d57b8000,0x00000000d5800000)
  to   space 512K, 0% used [0x00000000d5800000,0x00000000d5800000,0x00000000d5880000)
 ParOldGen       total 564224K, used 214628K [0x0000000080000000, 0x00000000a2700000, 0x00000000d5580000)
  object space 564224K, 38% used [0x0000000080000000,0x000000008d1991a0,0x00000000a2700000)
 Metaspace       used 69506K, committed 70976K, reserved 1114112K
  class space    used 8630K, committed 9280K, reserved 1048576K
}
Event: 124.779 GC heap after
{Heap after GC invocations=1535 (full 3):
 PSYoungGen      total 2560K, used 192K [0x00000000d5580000, 0x00000000d5880000, 0x0000000100000000)
  eden space 2048K, 0% used [0x00000000d5580000,0x00000000d5580000,0x00000000d5780000)
  from space 512K, 37% used [0x00000000d5800000,0x00000000d5830000,0x00000000d5880000)
  to   space 512K, 0% used [0x00000000d5780000,0x00000000d5780000,0x00000000d5800000)
 ParOldGen       total 564224K, used 214644K [0x0000000080000000, 0x00000000a2700000, 0x00000000d5580000)
  object space 564224K, 38% used [0x0000000080000000,0x000000008d19d1a0,0x00000000a2700000)
 Metaspace       used 69506K, committed 70976K, reserved 1114112K
  class space    used 8630K, committed 9280K, reserved 1048576K
}
Event: 124.782 GC heap before
{Heap before GC invocations=1536 (full 3):
 PSYoungGen      total 2560K, used 2240K [0x00000000d5580000, 0x00000000d5880000, 0x0000000100000000)
  eden space 2048K, 100% used [0x00000000d5580000,0x00000000d5780000,0x00000000d5780000)
  from space 512K, 37% used [0x00000000d5800000,0x00000000d5830000,0x00000000d5880000)
  to   space 512K, 0% used [0x00000000d5780000,0x00000000d5780000,0x00000000d5800000)
 ParOldGen       total 564224K, used 214644K [0x0000000080000000, 0x00000000a2700000, 0x00000000d5580000)
  object space 564224K, 38% used [0x0000000080000000,0x000000008d19d1a0,0x00000000a2700000)
 Metaspace       used 69506K, committed 70976K, reserved 1114112K
  class space    used 8630K, committed 9280K, reserved 1048576K
}
Event: 124.783 GC heap after
{Heap after GC invocations=1536 (full 3):
 PSYoungGen      total 2560K, used 192K [0x00000000d5580000, 0x00000000d5880000, 0x0000000100000000)
  eden space 2048K, 0% used [0x00000000d5580000,0x00000000d5580000,0x00000000d5780000)
  from space 512K, 37% used [0x00000000d5780000,0x00000000d57b0000,0x00000000d5800000)
  to   space 512K, 0% used [0x00000000d5800000,0x00000000d5800000,0x00000000d5880000)
 ParOldGen       total 564224K, used 214668K [0x0000000080000000, 0x00000000a2700000, 0x00000000d5580000)
  object space 564224K, 38% used [0x0000000080000000,0x000000008d1a31a0,0x00000000a2700000)
 Metaspace       used 69506K, committed 70976K, reserved 1114112K
  class space    used 8630K, committed 9280K, reserved 1048576K
}
Event: 124.786 GC heap before
{Heap before GC invocations=1537 (full 3):
 PSYoungGen      total 2560K, used 2240K [0x00000000d5580000, 0x00000000d5880000, 0x0000000100000000)
  eden space 2048K, 100% used [0x00000000d5580000,0x00000000d5780000,0x00000000d5780000)
  from space 512K, 37% used [0x00000000d5780000,0x00000000d57b0000,0x00000000d5800000)
  to   space 512K, 0% used [0x00000000d5800000,0x00000000d5800000,0x00000000d5880000)
 ParOldGen       total 564224K, used 214668K [0x0000000080000000, 0x00000000a2700000, 0x00000000d5580000)
  object space 564224K, 38% used [0x0000000080000000,0x000000008d1a31a0,0x00000000a2700000)
 Metaspace       used 69506K, committed 70976K, reserved 1114112K
  class space    used 8630K, committed 9280K, reserved 1048576K
}
Event: 124.787 GC heap after
{Heap after GC invocations=1537 (full 3):
 PSYoungGen      total 2560K, used 192K [0x00000000d5580000, 0x00000000d5880000, 0x0000000100000000)
  eden space 2048K, 0% used [0x00000000d5580000,0x00000000d5580000,0x00000000d5780000)
  from space 512K, 37% used [0x00000000d5800000,0x00000000d5830000,0x00000000d5880000)
  to   space 512K, 0% used [0x00000000d5780000,0x00000000d5780000,0x00000000d5800000)
 ParOldGen       total 564224K, used 214692K [0x0000000080000000, 0x00000000a2700000, 0x00000000d5580000)
  object space 564224K, 38% used [0x0000000080000000,0x000000008d1a91a0,0x00000000a2700000)
 Metaspace       used 69506K, committed 70976K, reserved 1114112K
  class space    used 8630K, committed 9280K, reserved 1048576K
}
Event: 124.789 GC heap before
{Heap before GC invocations=1538 (full 3):
 PSYoungGen      total 2560K, used 2240K [0x00000000d5580000, 0x00000000d5880000, 0x0000000100000000)
  eden space 2048K, 100% used [0x00000000d5580000,0x00000000d5780000,0x00000000d5780000)
  from space 512K, 37% used [0x00000000d5800000,0x00000000d5830000,0x00000000d5880000)
  to   space 512K, 0% used [0x00000000d5780000,0x00000000d5780000,0x00000000d5800000)
 ParOldGen       total 564224K, used 214692K [0x0000000080000000, 0x00000000a2700000, 0x00000000d5580000)
  object space 564224K, 38% used [0x0000000080000000,0x000000008d1a91a0,0x00000000a2700000)
 Metaspace       used 69506K, committed 70976K, reserved 1114112K
  class space    used 8630K, committed 9280K, reserved 1048576K
}
Event: 124.790 GC heap after
{Heap after GC invocations=1538 (full 3):
 PSYoungGen      total 2560K, used 224K [0x00000000d5580000, 0x00000000d5880000, 0x0000000100000000)
  eden space 2048K, 0% used [0x00000000d5580000,0x00000000d5580000,0x00000000d5780000)
  from space 512K, 43% used [0x00000000d5780000,0x00000000d57b8000,0x00000000d5800000)
  to   space 512K, 0% used [0x00000000d5800000,0x00000000d5800000,0x00000000d5880000)
 ParOldGen       total 564224K, used 214716K [0x0000000080000000, 0x00000000a2700000, 0x00000000d5580000)
  object space 564224K, 38% used [0x0000000080000000,0x000000008d1af1a0,0x00000000a2700000)
 Metaspace       used 69506K, committed 70976K, reserved 1114112K
  class space    used 8630K, committed 9280K, reserved 1048576K
}
Event: 125.652 GC heap before
{Heap before GC invocations=1539 (full 3):
 PSYoungGen      total 2560K, used 2272K [0x00000000d5580000, 0x00000000d5880000, 0x0000000100000000)
  eden space 2048K, 100% used [0x00000000d5580000,0x00000000d5780000,0x00000000d5780000)
  from space 512K, 43% used [0x00000000d5780000,0x00000000d57b8000,0x00000000d5800000)
  to   space 512K, 0% used [0x00000000d5800000,0x00000000d5800000,0x00000000d5880000)
 ParOldGen       total 564224K, used 214716K [0x0000000080000000, 0x00000000a2700000, 0x00000000d5580000)
  object space 564224K, 38% used [0x0000000080000000,0x000000008d1af1a0,0x00000000a2700000)
 Metaspace       used 69506K, committed 70976K, reserved 1114112K
  class space    used 8630K, committed 9280K, reserved 1048576K
}
Event: 125.653 GC heap after
{Heap after GC invocations=1539 (full 3):
 PSYoungGen      total 2560K, used 192K [0x00000000d5580000, 0x00000000d5880000, 0x0000000100000000)
  eden space 2048K, 0% used [0x00000000d5580000,0x00000000d5580000,0x00000000d5780000)
  from space 512K, 37% used [0x00000000d5800000,0x00000000d5830000,0x00000000d5880000)
  to   space 512K, 0% used [0x00000000d5780000,0x00000000d5780000,0x00000000d5800000)
 ParOldGen       total 564224K, used 214724K [0x0000000080000000, 0x00000000a2700000, 0x00000000d5580000)
  object space 564224K, 38% used [0x0000000080000000,0x000000008d1b11a0,0x00000000a2700000)
 Metaspace       used 69506K, committed 70976K, reserved 1114112K
  class space    used 8630K, committed 9280K, reserved 1048576K
}

