# JRE version: Java(TM) SE Runtime Environment (17.0.12+8) (build 17.0.12+8-LTS-286)
# Java VM: Java HotSpot(TM) 64-Bit Server VM (17.0.12+8-LTS-286, mixed mode, sharing, tiered, compressed oops, compressed class ptrs, g1 gc, windows-amd64)
GC Precious Log:
 CPUs: 12 total, 12 available
 Memory: 16108M
 Large Page Support: Disabled
 NUMA Support: Disabled
 Compressed Oops: Enabled (32-bit)
 Heap Region Size: 1M
 Heap Min Capacity: 8M
 Heap Initial Capacity: 252M
 Heap Max Capacity: 2G
 Pre-touch: Disabled
 Parallel Workers: 10
 Concurrent Workers: 3
 Concurrent Refinement Workers: 10
 Periodic GC: Disabled
Heap:
 garbage-first heap   total 186368K, used 108872K [0x0000000080000000, 0x0000000100000000)
  region size 1024K, 12 young (12288K), 7 survivors (7168K)
 Metaspace       used 84267K, committed 85248K, reserved 557056K
  class space    used 11744K, committed 12224K, reserved 425984K
GC Heap History (20 events):
Event: 7.488 GC heap before
{Heap before GC invocations=33 (full 0):
 garbage-first heap   total 107520K, used 89177K [0x0000000080000000, 0x0000000100000000)
  region size 1024K, 27 young (27648K), 1 survivors (1024K)
 Metaspace       used 65937K, committed 66752K, reserved 491520K
  class space    used 9289K, committed 9664K, reserved 425984K
}
Event: 7.490 GC heap after
{Heap after GC invocations=34 (full 0):
 garbage-first heap   total 107520K, used 63258K [0x0000000080000000, 0x0000000100000000)
  region size 1024K, 1 young (1024K), 1 survivors (1024K)
 Metaspace       used 65937K, committed 66752K, reserved 491520K
  class space    used 9289K, committed 9664K, reserved 425984K
}
Event: 7.686 GC heap before
{Heap before GC invocations=35 (full 0):
 garbage-first heap   total 109568K, used 89882K [0x0000000080000000, 0x0000000100000000)
  region size 1024K, 27 young (27648K), 1 survivors (1024K)
 Metaspace       used 67192K, committed 67968K, reserved 491520K
  class space    used 9483K, committed 9856K, reserved 425984K
}
Event: 7.688 GC heap after
{Heap after GC invocations=36 (full 0):
 garbage-first heap   total 109568K, used 64046K [0x0000000080000000, 0x0000000100000000)
  region size 1024K, 2 young (2048K), 2 survivors (2048K)
 Metaspace       used 67192K, committed 67968K, reserved 491520K
  class space    used 9483K, committed 9856K, reserved 425984K
}
Event: 7.718 GC heap before
{Heap before GC invocations=36 (full 0):
 garbage-first heap   total 109568K, used 67118K [0x0000000080000000, 0x0000000100000000)
  region size 1024K, 5 young (5120K), 2 survivors (2048K)
 Metaspace       used 67395K, committed 68224K, reserved 491520K
  class space    used 9516K, committed 9920K, reserved 425984K
}
Event: 7.719 GC heap after
{Heap after GC invocations=37 (full 0):
 garbage-first heap   total 109568K, used 64193K [0x0000000080000000, 0x0000000100000000)
  region size 1024K, 1 young (1024K), 1 survivors (1024K)
 Metaspace       used 67395K, committed 68224K, reserved 491520K
  class space    used 9516K, committed 9920K, reserved 425984K
}
Event: 7.981 GC heap before
{Heap before GC invocations=37 (full 0):
 garbage-first heap   total 109568K, used 91841K [0x0000000080000000, 0x0000000100000000)
  region size 1024K, 28 young (28672K), 1 survivors (1024K)
 Metaspace       used 68273K, committed 69120K, reserved 491520K
  class space    used 9626K, committed 10048K, reserved 425984K
}
Event: 7.983 GC heap after
{Heap after GC invocations=38 (full 0):
 garbage-first heap   total 186368K, used 67025K [0x0000000080000000, 0x0000000100000000)
  region size 1024K, 4 young (4096K), 4 survivors (4096K)
 Metaspace       used 68273K, committed 69120K, reserved 491520K
  class space    used 9626K, committed 10048K, reserved 425984K
}
Event: 10.086 GC heap before
{Heap before GC invocations=38 (full 0):
 garbage-first heap   total 186368K, used 148945K [0x0000000080000000, 0x0000000100000000)
  region size 1024K, 84 young (86016K), 4 survivors (4096K)
 Metaspace       used 72628K, committed 73472K, reserved 491520K
  class space    used 10246K, committed 10688K, reserved 425984K
}
Event: 10.090 GC heap after
{Heap after GC invocations=39 (full 0):
 garbage-first heap   total 186368K, used 71634K [0x0000000080000000, 0x0000000100000000)
  region size 1024K, 8 young (8192K), 8 survivors (8192K)
 Metaspace       used 72628K, committed 73472K, reserved 491520K
  class space    used 10246K, committed 10688K, reserved 425984K
}
Event: 11.582 GC heap before
{Heap before GC invocations=39 (full 0):
 garbage-first heap   total 186368K, used 148434K [0x0000000080000000, 0x0000000100000000)
  region size 1024K, 84 young (86016K), 8 survivors (8192K)
 Metaspace       used 76116K, committed 77120K, reserved 557056K
  class space    used 10803K, committed 11264K, reserved 425984K
}
Event: 11.587 GC heap after
{Heap after GC invocations=40 (full 0):
 garbage-first heap   total 186368K, used 78113K [0x0000000080000000, 0x0000000100000000)
  region size 1024K, 9 young (9216K), 9 survivors (9216K)
 Metaspace       used 76116K, committed 77120K, reserved 557056K
  class space    used 10803K, committed 11264K, reserved 425984K
}
Event: 12.241 GC heap before
{Heap before GC invocations=40 (full 0):
 garbage-first heap   total 186368K, used 148769K [0x0000000080000000, 0x0000000100000000)
  region size 1024K, 78 young (79872K), 9 survivors (9216K)
 Metaspace       used 76857K, committed 77824K, reserved 557056K
  class space    used 10830K, committed 11264K, reserved 425984K
}
Event: 12.245 GC heap after
{Heap after GC invocations=41 (full 0):
 garbage-first heap   total 186368K, used 82541K [0x0000000080000000, 0x0000000100000000)
  region size 1024K, 7 young (7168K), 7 survivors (7168K)
 Metaspace       used 76857K, committed 77824K, reserved 557056K
  class space    used 10830K, committed 11264K, reserved 425984K
}
Event: 12.371 GC heap before
{Heap before GC invocations=41 (full 0):
 garbage-first heap   total 186368K, used 148077K [0x0000000080000000, 0x0000000100000000)
  region size 1024K, 72 young (73728K), 7 survivors (7168K)
 Metaspace       used 76896K, committed 77824K, reserved 557056K
  class space    used 10830K, committed 11264K, reserved 425984K
}
Event: 12.374 GC heap after
{Heap after GC invocations=42 (full 0):
 garbage-first heap   total 186368K, used 84266K [0x0000000080000000, 0x0000000100000000)
  region size 1024K, 4 young (4096K), 4 survivors (4096K)
 Metaspace       used 76896K, committed 77824K, reserved 557056K
  class space    used 10830K, committed 11264K, reserved 425984K
}
Event: 12.740 GC heap before
{Heap before GC invocations=42 (full 0):
 garbage-first heap   total 186368K, used 155946K [0x0000000080000000, 0x0000000100000000)
  region size 1024K, 69 young (70656K), 4 survivors (4096K)
 Metaspace       used 77522K, committed 78464K, reserved 557056K
  class space    used 10897K, committed 11328K, reserved 425984K
}
Event: 12.742 GC heap after
{Heap after GC invocations=43 (full 0):
 garbage-first heap   total 186368K, used 95666K [0x0000000080000000, 0x0000000100000000)
  region size 1024K, 9 young (9216K), 9 survivors (9216K)
 Metaspace       used 77522K, committed 78464K, reserved 557056K
  class space    used 10897K, committed 11328K, reserved 425984K
}
Event: 13.110 GC heap before
{Heap before GC invocations=43 (full 0):
 garbage-first heap   total 186368K, used 148914K [0x0000000080000000, 0x0000000100000000)
  region size 1024K, 61 young (62464K), 9 survivors (9216K)
 Metaspace       used 81522K, committed 82560K, reserved 557056K
  class space    used 11369K, committed 11840K, reserved 425984K
}
Event: 13.112 GC heap after
{Heap after GC invocations=44 (full 0):
 garbage-first heap   total 186368K, used 99244K [0x0000000080000000, 0x0000000100000000)
  region size 1024K, 3 young (3072K), 3 survivors (3072K)
 Metaspace       used 81522K, committed 82560K, reserved 557056K
  class space    used 11369K, committed 11840K, reserved 425984K
}

