# JRE version: Java(TM) SE Runtime Environment (17.0.12+8) (build 17.0.12+8-LTS-286)
# Java VM: Java HotSpot(TM) 64-Bit Server VM (17.0.12+8-LTS-286, mixed mode, sharing, tiered, compressed oops, compressed class ptrs, g1 gc, windows-amd64)
GC Precious Log:
 CPUs: 12 total, 12 available
 Memory: 16108M
 Large Page Support: Disabled
 NUMA Support: Disabled
 Compressed Oops: Enabled (32-bit)
 Heap Region Size: 1M
 Heap Min Capacity: 8M
 Heap Initial Capacity: 252M
 Heap Max Capacity: 2G
 Pre-touch: Disabled
 Parallel Workers: 10
 Concurrent Workers: 3
 Concurrent Refinement Workers: 10
 Periodic GC: Disabled
Heap:
 garbage-first heap   total 291840K, used 192628K [0x0000000080000000, 0x0000000100000000)
  region size 1024K, 5 young (5120K), 5 survivors (5120K)
 Metaspace       used 107512K, committed 108864K, reserved 557056K
  class space    used 15055K, committed 15680K, reserved 425984K
GC Heap History (20 events):
Event: 15.612 GC heap after
{Heap after GC invocations=60 (full 0):
 garbage-first heap   total 206848K, used 139205K [0x0000000080000000, 0x0000000100000000)
  region size 1024K, 3 young (3072K), 3 survivors (3072K)
 Metaspace       used 104364K, committed 105536K, reserved 557056K
  class space    used 14621K, committed 15168K, reserved 425984K
}
Event: 15.949 GC heap before
{Heap before GC invocations=60 (full 0):
 garbage-first heap   total 206848K, used 178117K [0x0000000080000000, 0x0000000100000000)
  region size 1024K, 38 young (38912K), 3 survivors (3072K)
 Metaspace       used 104988K, committed 106176K, reserved 557056K
  class space    used 14723K, committed 15296K, reserved 425984K
}
Event: 15.953 GC heap after
{Heap after GC invocations=61 (full 0):
 garbage-first heap   total 291840K, used 147610K [0x0000000080000000, 0x0000000100000000)
  region size 1024K, 5 young (5120K), 5 survivors (5120K)
 Metaspace       used 104988K, committed 106176K, reserved 557056K
  class space    used 14723K, committed 15296K, reserved 425984K
}
Event: 16.469 GC heap before
{Heap before GC invocations=61 (full 0):
 garbage-first heap   total 291840K, used 230554K [0x0000000080000000, 0x0000000100000000)
  region size 1024K, 87 young (89088K), 5 survivors (5120K)
 Metaspace       used 105526K, committed 106752K, reserved 557056K
  class space    used 14785K, committed 15360K, reserved 425984K
}
Event: 16.473 GC heap after
{Heap after GC invocations=62 (full 0):
 garbage-first heap   total 291840K, used 155157K [0x0000000080000000, 0x0000000100000000)
  region size 1024K, 11 young (11264K), 11 survivors (11264K)
 Metaspace       used 105526K, committed 106752K, reserved 557056K
  class space    used 14785K, committed 15360K, reserved 425984K
}
Event: 16.582 GC heap before
{Heap before GC invocations=62 (full 0):
 garbage-first heap   total 291840K, used 234005K [0x0000000080000000, 0x0000000100000000)
  region size 1024K, 89 young (91136K), 11 survivors (11264K)
 Metaspace       used 105528K, committed 106752K, reserved 557056K
  class space    used 14785K, committed 15360K, reserved 425984K
}
Event: 16.586 GC heap after
{Heap after GC invocations=63 (full 0):
 garbage-first heap   total 291840K, used 157904K [0x0000000080000000, 0x0000000100000000)
  region size 1024K, 4 young (4096K), 4 survivors (4096K)
 Metaspace       used 105528K, committed 106752K, reserved 557056K
  class space    used 14785K, committed 15360K, reserved 425984K
}
Event: 16.985 GC heap before
{Heap before GC invocations=63 (full 0):
 garbage-first heap   total 291840K, used 241872K [0x0000000080000000, 0x0000000100000000)
  region size 1024K, 83 young (84992K), 4 survivors (4096K)
 Metaspace       used 105806K, committed 107008K, reserved 557056K
  class space    used 14812K, committed 15360K, reserved 425984K
}
Event: 16.988 GC heap after
{Heap after GC invocations=64 (full 0):
 garbage-first heap   total 291840K, used 170219K [0x0000000080000000, 0x0000000100000000)
  region size 1024K, 11 young (11264K), 11 survivors (11264K)
 Metaspace       used 105806K, committed 107008K, reserved 557056K
  class space    used 14812K, committed 15360K, reserved 425984K
}
Event: 17.081 GC heap before
{Heap before GC invocations=64 (full 0):
 garbage-first heap   total 291840K, used 236779K [0x0000000080000000, 0x0000000100000000)
  region size 1024K, 77 young (78848K), 11 survivors (11264K)
 Metaspace       used 105808K, committed 107008K, reserved 557056K
  class space    used 14812K, committed 15360K, reserved 425984K
}
Event: 17.085 GC heap after
{Heap after GC invocations=65 (full 0):
 garbage-first heap   total 291840K, used 172205K [0x0000000080000000, 0x0000000100000000)
  region size 1024K, 4 young (4096K), 4 survivors (4096K)
 Metaspace       used 105808K, committed 107008K, reserved 557056K
  class space    used 14812K, committed 15360K, reserved 425984K
}
Event: 17.672 GC heap before
{Heap before GC invocations=65 (full 0):
 garbage-first heap   total 291840K, used 243885K [0x0000000080000000, 0x0000000100000000)
  region size 1024K, 71 young (72704K), 4 survivors (4096K)
 Metaspace       used 106570K, committed 107904K, reserved 557056K
  class space    used 14948K, committed 15552K, reserved 425984K
}
Event: 17.675 GC heap after
{Heap after GC invocations=66 (full 0):
 garbage-first heap   total 291840K, used 180893K [0x0000000080000000, 0x0000000100000000)
  region size 1024K, 9 young (9216K), 9 survivors (9216K)
 Metaspace       used 106570K, committed 107904K, reserved 557056K
  class space    used 14948K, committed 15552K, reserved 425984K
}
Event: 18.246 GC heap before
{Heap before GC invocations=66 (full 0):
 garbage-first heap   total 291840K, used 241309K [0x0000000080000000, 0x0000000100000000)
  region size 1024K, 68 young (69632K), 9 survivors (9216K)
 Metaspace       used 107439K, committed 108800K, reserved 557056K
  class space    used 15049K, committed 15680K, reserved 425984K
}
Event: 18.250 GC heap after
{Heap after GC invocations=67 (full 0):
 garbage-first heap   total 291840K, used 186267K [0x0000000080000000, 0x0000000100000000)
  region size 1024K, 7 young (7168K), 7 survivors (7168K)
 Metaspace       used 107439K, committed 108800K, reserved 557056K
  class space    used 15049K, committed 15680K, reserved 425984K
}
Event: 18.398 GC heap before
{Heap before GC invocations=67 (full 0):
 garbage-first heap   total 291840K, used 240539K [0x0000000080000000, 0x0000000100000000)
  region size 1024K, 61 young (62464K), 7 survivors (7168K)
 Metaspace       used 107473K, committed 108800K, reserved 557056K
  class space    used 15049K, committed 15680K, reserved 425984K
}
Event: 18.402 GC heap after
{Heap after GC invocations=68 (full 0):
 garbage-first heap   total 291840K, used 189996K [0x0000000080000000, 0x0000000100000000)
  region size 1024K, 5 young (5120K), 5 survivors (5120K)
 Metaspace       used 107473K, committed 108800K, reserved 557056K
  class space    used 15049K, committed 15680K, reserved 425984K
}
Event: 18.462 GC heap before
{Heap before GC invocations=68 (full 0):
 garbage-first heap   total 291840K, used 242220K [0x0000000080000000, 0x0000000100000000)
  region size 1024K, 57 young (58368K), 5 survivors (5120K)
 Metaspace       used 107473K, committed 108800K, reserved 557056K
  class space    used 15049K, committed 15680K, reserved 425984K
}
Event: 18.464 GC heap after
{Heap after GC invocations=69 (full 0):
 garbage-first heap   total 291840K, used 191098K [0x0000000080000000, 0x0000000100000000)
  region size 1024K, 4 young (4096K), 4 survivors (4096K)
 Metaspace       used 107473K, committed 108800K, reserved 557056K
  class space    used 15049K, committed 15680K, reserved 425984K
}
Event: 18.558 GC heap before
{Heap before GC invocations=69 (full 0):
 garbage-first heap   total 291840K, used 244346K [0x0000000080000000, 0x0000000100000000)
  region size 1024K, 57 young (58368K), 4 survivors (4096K)
 Metaspace       used 107512K, committed 108864K, reserved 557056K
  class space    used 15055K, committed 15680K, reserved 425984K
}

