# JRE version: Java(TM) SE Runtime Environment (17.0.12+8) (build 17.0.12+8-LTS-286)
# Java VM: Java HotSpot(TM) 64-Bit Server VM (17.0.12+8-LTS-286, mixed mode, sharing, tiered, compressed oops, compressed class ptrs, g1 gc, windows-amd64)
GC Precious Log:
 CPUs: 12 total, 12 available
 Memory: 16108M
 Large Page Support: Disabled
 NUMA Support: Disabled
 Compressed Oops: Enabled (32-bit)
 Heap Region Size: 1M
 Heap Min Capacity: 8M
 Heap Initial Capacity: 252M
 Heap Max Capacity: 2G
 Pre-touch: Disabled
 Parallel Workers: 10
 Concurrent Workers: 3
 Concurrent Refinement Workers: 10
 Periodic GC: Disabled
Heap:
 garbage-first heap   total 301056K, used 216254K [0x0000000080000000, 0x0000000100000000)
  region size 1024K, 7 young (7168K), 7 survivors (7168K)
 Metaspace       used 119512K, committed 121088K, reserved 557056K
  class space    used 16484K, committed 17216K, reserved 425984K
GC Heap History (20 events):
Event: 58.629 GC heap after
{Heap after GC invocations=63 (full 0):
 garbage-first heap   total 301056K, used 160564K [0x0000000080000000, 0x0000000100000000)
  region size 1024K, 8 young (8192K), 8 survivors (8192K)
 Metaspace       used 117005K, committed 118400K, reserved 557056K
  class space    used 16135K, committed 16768K, reserved 425984K
}
Event: 59.132 GC heap before
{Heap before GC invocations=63 (full 0):
 garbage-first heap   total 301056K, used 246580K [0x0000000080000000, 0x0000000100000000)
  region size 1024K, 93 young (95232K), 8 survivors (8192K)
 Metaspace       used 117468K, committed 118848K, reserved 557056K
  class space    used 16190K, committed 16832K, reserved 425984K
}
Event: 59.136 GC heap after
{Heap after GC invocations=64 (full 0):
 garbage-first heap   total 301056K, used 167494K [0x0000000080000000, 0x0000000100000000)
  region size 1024K, 8 young (8192K), 8 survivors (8192K)
 Metaspace       used 117468K, committed 118848K, reserved 557056K
  class space    used 16190K, committed 16832K, reserved 425984K
}
Event: 59.253 GC heap before
{Heap before GC invocations=64 (full 0):
 garbage-first heap   total 301056K, used 246342K [0x0000000080000000, 0x0000000100000000)
  region size 1024K, 86 young (88064K), 8 survivors (8192K)
 Metaspace       used 117468K, committed 118848K, reserved 557056K
  class space    used 16190K, committed 16832K, reserved 425984K
}
Event: 59.257 GC heap after
{Heap after GC invocations=65 (full 0):
 garbage-first heap   total 301056K, used 169649K [0x0000000080000000, 0x0000000100000000)
  region size 1024K, 5 young (5120K), 5 survivors (5120K)
 Metaspace       used 117468K, committed 118848K, reserved 557056K
  class space    used 16190K, committed 16832K, reserved 425984K
}
Event: 59.763 GC heap before
{Heap before GC invocations=65 (full 0):
 garbage-first heap   total 301056K, used 252593K [0x0000000080000000, 0x0000000100000000)
  region size 1024K, 83 young (84992K), 5 survivors (5120K)
 Metaspace       used 117704K, committed 119168K, reserved 557056K
  class space    used 16215K, committed 16896K, reserved 425984K
}
Event: 59.766 GC heap after
{Heap after GC invocations=66 (full 0):
 garbage-first heap   total 301056K, used 181342K [0x0000000080000000, 0x0000000100000000)
  region size 1024K, 11 young (11264K), 11 survivors (11264K)
 Metaspace       used 117704K, committed 119168K, reserved 557056K
  class space    used 16215K, committed 16896K, reserved 425984K
}
Event: 59.879 GC heap before
{Heap before GC invocations=66 (full 0):
 garbage-first heap   total 301056K, used 246878K [0x0000000080000000, 0x0000000100000000)
  region size 1024K, 76 young (77824K), 11 survivors (11264K)
 Metaspace       used 117705K, committed 119168K, reserved 557056K
  class space    used 16215K, committed 16896K, reserved 425984K
}
Event: 59.883 GC heap after
{Heap after GC invocations=67 (full 0):
 garbage-first heap   total 301056K, used 184452K [0x0000000080000000, 0x0000000100000000)
  region size 1024K, 4 young (4096K), 4 survivors (4096K)
 Metaspace       used 117705K, committed 119168K, reserved 557056K
  class space    used 16215K, committed 16896K, reserved 425984K
}
Event: 60.510 GC heap before
{Heap before GC invocations=67 (full 0):
 garbage-first heap   total 301056K, used 254084K [0x0000000080000000, 0x0000000100000000)
  region size 1024K, 69 young (70656K), 4 survivors (4096K)
 Metaspace       used 118474K, committed 120000K, reserved 557056K
  class space    used 16348K, committed 17024K, reserved 425984K
}
Event: 60.513 GC heap after
{Heap after GC invocations=68 (full 0):
 garbage-first heap   total 301056K, used 193201K [0x0000000080000000, 0x0000000100000000)
  region size 1024K, 9 young (9216K), 9 survivors (9216K)
 Metaspace       used 118474K, committed 120000K, reserved 557056K
  class space    used 16348K, committed 17024K, reserved 425984K
}
Event: 61.158 GC heap before
{Heap before GC invocations=68 (full 0):
 garbage-first heap   total 301056K, used 250545K [0x0000000080000000, 0x0000000100000000)
  region size 1024K, 65 young (66560K), 9 survivors (9216K)
 Metaspace       used 119191K, committed 120704K, reserved 557056K
  class space    used 16446K, committed 17152K, reserved 425984K
}
Event: 61.161 GC heap after
{Heap after GC invocations=69 (full 0):
 garbage-first heap   total 301056K, used 197938K [0x0000000080000000, 0x0000000100000000)
  region size 1024K, 6 young (6144K), 6 survivors (6144K)
 Metaspace       used 119191K, committed 120704K, reserved 557056K
  class space    used 16446K, committed 17152K, reserved 425984K
}
Event: 61.402 GC heap before
{Heap before GC invocations=69 (full 0):
 garbage-first heap   total 301056K, used 250162K [0x0000000080000000, 0x0000000100000000)
  region size 1024K, 58 young (59392K), 6 survivors (6144K)
 Metaspace       used 119246K, committed 120768K, reserved 557056K
  class space    used 16448K, committed 17152K, reserved 425984K
}
Event: 61.405 GC heap after
{Heap after GC invocations=70 (full 0):
 garbage-first heap   total 301056K, used 202151K [0x0000000080000000, 0x0000000100000000)
  region size 1024K, 6 young (6144K), 6 survivors (6144K)
 Metaspace       used 119246K, committed 120768K, reserved 557056K
  class space    used 16448K, committed 17152K, reserved 425984K
}
Event: 61.491 GC heap before
{Heap before GC invocations=70 (full 0):
 garbage-first heap   total 301056K, used 251303K [0x0000000080000000, 0x0000000100000000)
  region size 1024K, 55 young (56320K), 6 survivors (6144K)
 Metaspace       used 119246K, committed 120768K, reserved 557056K
  class space    used 16448K, committed 17152K, reserved 425984K
}
Event: 61.494 GC heap after
{Heap after GC invocations=71 (full 0):
 garbage-first heap   total 301056K, used 203311K [0x0000000080000000, 0x0000000100000000)
  region size 1024K, 4 young (4096K), 4 survivors (4096K)
 Metaspace       used 119246K, committed 120768K, reserved 557056K
  class space    used 16448K, committed 17152K, reserved 425984K
}
Event: 61.575 GC heap before
{Heap before GC invocations=71 (full 0):
 garbage-first heap   total 301056K, used 253487K [0x0000000080000000, 0x0000000100000000)
  region size 1024K, 54 young (55296K), 4 survivors (4096K)
 Metaspace       used 119246K, committed 120768K, reserved 557056K
  class space    used 16448K, committed 17152K, reserved 425984K
}
Event: 61.577 GC heap after
{Heap after GC invocations=72 (full 0):
 garbage-first heap   total 301056K, used 203878K [0x0000000080000000, 0x0000000100000000)
  region size 1024K, 4 young (4096K), 4 survivors (4096K)
 Metaspace       used 119246K, committed 120768K, reserved 557056K
  class space    used 16448K, committed 17152K, reserved 425984K
}
Event: 61.983 GC heap before
{Heap before GC invocations=72 (full 0):
 garbage-first heap   total 301056K, used 260198K [0x0000000080000000, 0x0000000100000000)
  region size 1024K, 55 young (56320K), 4 survivors (4096K)
 Metaspace       used 119512K, committed 121088K, reserved 557056K
  class space    used 16484K, committed 17216K, reserved 425984K
}

